<?xml version="1.0" encoding="UTF-8"?>
<!-- Generated by org.testng.reporters.JUnitReportReporter -->
<testsuite hostname="DESKTOP-56QQVF4" failures="0" tests="1" name="testscript.HomeTest" time="7.694" errors="0" timestamp="2024-11-26T19:31:27 IST" skipped="0">
  <testcase classname="testscript.HomeTest" name="navigate_To_Fitpeo_HomePage" time="7.694"/>
  <system-out/>
</testsuite> <!-- testscript.HomeTest -->
