<?xml version="1.0" encoding="UTF-8"?>
<!-- Generated by org.testng.reporters.JUnitReportReporter -->
<testsuite hostname="DESKTOP-56QQVF4" failures="0" tests="1" name="testscript.NavigationTest" time="21.422" errors="0" timestamp="2024-11-27T13:29:03 IST" skipped="0">
  <testcase classname="testscript.NavigationTest" name="navigate_To_RevenueCalculatorPage" time="21.422"/>
  <system-out/>
</testsuite> <!-- testscript.NavigationTest -->
