<?xml version="1.0" encoding="UTF-8"?>
<!-- Generated by org.testng.reporters.JUnitReportReporter -->
<testsuite hostname="DESKTOP-56QQVF4" failures="0" tests="1" name="testscript.RevenueCalculatorTest" time="33.618" errors="0" timestamp="2024-11-26T20:10:42 IST" skipped="0">
  <testcase classname="testscript.RevenueCalculatorTest" name="navigate_To_RevenueCalculatorPage" time="33.618"/>
  <system-out/>
</testsuite> <!-- testscript.RevenueCalculatorTest -->
